<?xml version="1.0" encoding="UTF-8"?>
<testng-results ignored="0" total="3" passed="3" failed="0" skipped="0">
  <reporter-output>
  </reporter-output>
  <suite started-at="2022-05-19T12:45:31 IST" name="Default suite" finished-at="2022-05-19T12:45:33 IST" duration-ms="1697">
    <groups>
    </groups>
    <test started-at="2022-05-19T12:45:31 IST" name="Default test" finished-at="2022-05-19T12:45:33 IST" duration-ms="1697">
      <class name="DynamicJson">
        <test-method signature="addBook(java.lang.String,java.lang.String)[pri:0, instance:DynamicJson@50b5ac82]" started-at="2022-05-19T12:45:31 IST" name="addBook" data-provider="BooksData" finished-at="2022-05-19T12:45:32 IST" duration-ms="1438" status="PASS">
          <params>
            <param index="0">
              <value>
                <![CDATA[aastkdd]]>
              </value>
            </param>
            <param index="1">
              <value>
                <![CDATA[12602]]>
              </value>
            </param>
          </params>
          <reporter-output>
          </reporter-output>
        </test-method> <!-- addBook -->
        <test-method signature="addBook(java.lang.String,java.lang.String)[pri:0, instance:DynamicJson@50b5ac82]" started-at="2022-05-19T12:45:32 IST" name="addBook" data-provider="BooksData" finished-at="2022-05-19T12:45:32 IST" duration-ms="85" status="PASS">
          <params>
            <param index="0">
              <value>
                <![CDATA[zsdstkcd]]>
              </value>
            </param>
            <param index="1">
              <value>
                <![CDATA[1280676]]>
              </value>
            </param>
          </params>
          <reporter-output>
          </reporter-output>
        </test-method> <!-- addBook -->
        <test-method signature="getBookDetails()[pri:0, instance:DynamicJson@50b5ac82]" started-at="2022-05-19T12:45:32 IST" name="getBookDetails" finished-at="2022-05-19T12:45:33 IST" duration-ms="144" status="PASS">
          <reporter-output>
          </reporter-output>
        </test-method> <!-- getBookDetails -->
      </class> <!-- DynamicJson -->
    </test> <!-- Default test -->
  </suite> <!-- Default suite -->
</testng-results>
